<?xml version="1.0" encoding="UTF-8"?>
<testsuite xmlns:xsi="http://www.w3.org/2001/XMLSchema-instance" xsi:noNamespaceSchemaLocation="https://maven.apache.org/surefire/maven-surefire-plugin/xsd/surefire-test-report.xsd" name="org.springframework.samples.petclinic.web.PetTypeFormatterTests" time="0.092" tests="3" errors="0" skipped="0" failures="0">
  <properties>
    <property name="sun.desktop" value="gnome"/>
    <property name="awt.toolkit" value="sun.awt.X11.XToolkit"/>
    <property name="file.encoding.pkg" value="sun.io"/>
    <property name="java.specification.version" value="1.8"/>
    <property name="sun.cpu.isalist" value=""/>
    <property name="sun.jnu.encoding" value="UTF-8"/>
    <property name="java.class.path" value="/home/fitec/spring-framework-petclinic/target/test-classes:/home/fitec/spring-framework-petclinic/target/classes:/home/fitec/.m2/repository/org/apache/tomcat/tomcat-servlet-api/9.0.31/tomcat-servlet-api-9.0.31.jar:/home/fitec/.m2/repository/org/apache/tomcat/tomcat-jasper-el/9.0.31/tomcat-jasper-el-9.0.31.jar:/home/fitec/.m2/repository/org/apache/tomcat/tomcat-el-api/9.0.31/tomcat-el-api-9.0.31.jar:/home/fitec/.m2/repository/org/apache/taglibs/taglibs-standard-jstlel/1.2.5/taglibs-standard-jstlel-1.2.5.jar:/home/fitec/.m2/repository/org/apache/taglibs/taglibs-standard-spec/1.2.5/taglibs-standard-spec-1.2.5.jar:/home/fitec/.m2/repository/org/apache/taglibs/taglibs-standard-impl/1.2.5/taglibs-standard-impl-1.2.5.jar:/home/fitec/.m2/repository/com/fasterxml/jackson/core/jackson-core/2.10.1/jackson-core-2.10.1.jar:/home/fitec/.m2/repository/com/fasterxml/jackson/core/jackson-databind/2.10.1/jackson-databind-2.10.1.jar:/home/fitec/.m2/repository/com/fasterxml/jackson/core/jackson-annotations/2.10.1/jackson-annotations-2.10.1.jar:/home/fitec/.m2/repository/com/jayway/jsonpath/json-path/2.4.0/json-path-2.4.0.jar:/home/fitec/.m2/repository/net/minidev/json-smart/2.3/json-smart-2.3.jar:/home/fitec/.m2/repository/net/minidev/accessors-smart/1.2/accessors-smart-1.2.jar:/home/fitec/.m2/repository/org/ow2/asm/asm/5.0.4/asm-5.0.4.jar:/home/fitec/.m2/repository/org/springframework/data/spring-data-jpa/2.2.0.RELEASE/spring-data-jpa-2.2.0.RELEASE.jar:/home/fitec/.m2/repository/org/springframework/data/spring-data-commons/2.2.0.RELEASE/spring-data-commons-2.2.0.RELEASE.jar:/home/fitec/.m2/repository/org/springframework/spring-orm/5.2.0.RELEASE/spring-orm-5.2.0.RELEASE.jar:/home/fitec/.m2/repository/org/springframework/spring-context/5.2.0.RELEASE/spring-context-5.2.0.RELEASE.jar:/home/fitec/.m2/repository/org/springframework/spring-aop/5.2.0.RELEASE/spring-aop-5.2.0.RELEASE.jar:/home/fitec/.m2/repository/org/springframework/spring-tx/5.2.0.RELEASE/spring-tx-5.2.0.RELEASE.jar:/home/fitec/.m2/repository/org/springframework/spring-beans/5.2.0.RELEASE/spring-beans-5.2.0.RELEASE.jar:/home/fitec/.m2/repository/org/springframework/spring-core/5.2.0.RELEASE/spring-core-5.2.0.RELEASE.jar:/home/fitec/.m2/repository/org/springframework/spring-jcl/5.2.0.RELEASE/spring-jcl-5.2.0.RELEASE.jar:/home/fitec/.m2/repository/org/springframework/spring-jdbc/5.2.4.RELEASE/spring-jdbc-5.2.4.RELEASE.jar:/home/fitec/.m2/repository/org/springframework/spring-webmvc/5.2.4.RELEASE/spring-webmvc-5.2.4.RELEASE.jar:/home/fitec/.m2/repository/org/springframework/spring-expression/5.2.4.RELEASE/spring-expression-5.2.4.RELEASE.jar:/home/fitec/.m2/repository/org/springframework/spring-web/5.2.4.RELEASE/spring-web-5.2.4.RELEASE.jar:/home/fitec/.m2/repository/org/springframework/spring-context-support/5.2.4.RELEASE/spring-context-support-5.2.4.RELEASE.jar:/home/fitec/.m2/repository/org/springframework/spring-oxm/5.2.4.RELEASE/spring-oxm-5.2.4.RELEASE.jar:/home/fitec/.m2/repository/org/aspectj/aspectjrt/1.9.5/aspectjrt-1.9.5.jar:/home/fitec/.m2/repository/org/aspectj/aspectjweaver/1.9.5/aspectjweaver-1.9.5.jar:/home/fitec/.m2/repository/org/apache/tomcat/tomcat-jdbc/9.0.31/tomcat-jdbc-9.0.31.jar:/home/fitec/.m2/repository/org/apache/tomcat/tomcat-juli/9.0.31/tomcat-juli-9.0.31.jar:/home/fitec/.m2/repository/org/slf4j/slf4j-api/1.7.30/slf4j-api-1.7.30.jar:/home/fitec/.m2/repository/ch/qos/logback/logback-classic/1.2.3/logback-classic-1.2.3.jar:/home/fitec/.m2/repository/ch/qos/logback/logback-core/1.2.3/logback-core-1.2.3.jar:/home/fitec/.m2/repository/org/hibernate/hibernate-entitymanager/5.4.11.Final/hibernate-entitymanager-5.4.11.Final.jar:/home/fitec/.m2/repository/org/jboss/logging/jboss-logging/3.3.2.Final/jboss-logging-3.3.2.Final.jar:/home/fitec/.m2/repository/org/hibernate/hibernate-core/5.4.11.Final/hibernate-core-5.4.11.Final.jar:/home/fitec/.m2/repository/org/javassist/javassist/3.24.0-GA/javassist-3.24.0-GA.jar:/home/fitec/.m2/repository/antlr/antlr/2.7.7/antlr-2.7.7.jar:/home/fitec/.m2/repository/org/jboss/jandex/2.1.1.Final/jandex-2.1.1.Final.jar:/home/fitec/.m2/repository/org/glassfish/jaxb/jaxb-runtime/2.3.1/jaxb-runtime-2.3.1.jar:/home/fitec/.m2/repository/org/glassfish/jaxb/txw2/2.3.1/txw2-2.3.1.jar:/home/fitec/.m2/repository/com/sun/istack/istack-commons-runtime/3.0.7/istack-commons-runtime-3.0.7.jar:/home/fitec/.m2/repository/org/jvnet/staxex/stax-ex/1.8/stax-ex-1.8.jar:/home/fitec/.m2/repository/com/sun/xml/fastinfoset/FastInfoset/1.2.15/FastInfoset-1.2.15.jar:/home/fitec/.m2/repository/org/dom4j/dom4j/2.1.1/dom4j-2.1.1.jar:/home/fitec/.m2/repository/org/hibernate/common/hibernate-commons-annotations/5.1.0.Final/hibernate-commons-annotations-5.1.0.Final.jar:/home/fitec/.m2/repository/javax/persistence/javax.persistence-api/2.2/javax.persistence-api-2.2.jar:/home/fitec/.m2/repository/net/bytebuddy/byte-buddy/1.10.7/byte-buddy-1.10.7.jar:/home/fitec/.m2/repository/org/jboss/spec/javax/transaction/jboss-transaction-api_1.2_spec/1.1.1.Final/jboss-transaction-api_1.2_spec-1.1.1.Final.jar:/home/fitec/.m2/repository/org/hibernate/validator/hibernate-validator/6.1.2.Final/hibernate-validator-6.1.2.Final.jar:/home/fitec/.m2/repository/jakarta/validation/jakarta.validation-api/2.0.2/jakarta.validation-api-2.0.2.jar:/home/fitec/.m2/repository/com/fasterxml/classmate/1.3.4/classmate-1.3.4.jar:/home/fitec/.m2/repository/org/hibernate/hibernate-ehcache/5.4.11.Final/hibernate-ehcache-5.4.11.Final.jar:/home/fitec/.m2/repository/net/sf/ehcache/ehcache/2.10.6/ehcache-2.10.6.jar:/home/fitec/.m2/repository/org/webjars/jquery/2.2.4/jquery-2.2.4.jar:/home/fitec/.m2/repository/org/webjars/jquery-ui/1.11.4/jquery-ui-1.11.4.jar:/home/fitec/.m2/repository/org/webjars/bootstrap/3.3.6/bootstrap-3.3.6.jar:/home/fitec/.m2/repository/org/springframework/spring-test/5.2.4.RELEASE/spring-test-5.2.4.RELEASE.jar:/home/fitec/.m2/repository/org/junit/jupiter/junit-jupiter-engine/5.6.0/junit-jupiter-engine-5.6.0.jar:/home/fitec/.m2/repository/org/apiguardian/apiguardian-api/1.1.0/apiguardian-api-1.1.0.jar:/home/fitec/.m2/repository/org/junit/platform/junit-platform-engine/1.6.0/junit-platform-engine-1.6.0.jar:/home/fitec/.m2/repository/org/opentest4j/opentest4j/1.2.0/opentest4j-1.2.0.jar:/home/fitec/.m2/repository/org/junit/platform/junit-platform-commons/1.6.0/junit-platform-commons-1.6.0.jar:/home/fitec/.m2/repository/org/junit/jupiter/junit-jupiter-api/5.6.0/junit-jupiter-api-5.6.0.jar:/home/fitec/.m2/repository/org/assertj/assertj-core/3.15.0/assertj-core-3.15.0.jar:/home/fitec/.m2/repository/org/mockito/mockito-core/3.1.0/mockito-core-3.1.0.jar:/home/fitec/.m2/repository/net/bytebuddy/byte-buddy-agent/1.9.10/byte-buddy-agent-1.9.10.jar:/home/fitec/.m2/repository/org/objenesis/objenesis/2.6/objenesis-2.6.jar:/home/fitec/.m2/repository/org/mockito/mockito-junit-jupiter/3.1.0/mockito-junit-jupiter-3.1.0.jar:/home/fitec/.m2/repository/org/hamcrest/hamcrest/2.1/hamcrest-2.1.jar:/home/fitec/.m2/repository/javax/xml/bind/jaxb-api/2.3.1/jaxb-api-2.3.1.jar:/home/fitec/.m2/repository/javax/activation/javax.activation-api/1.2.0/javax.activation-api-1.2.0.jar:/home/fitec/.m2/repository/com/sun/xml/bind/jaxb-core/2.3.0.1/jaxb-core-2.3.0.1.jar:/home/fitec/.m2/repository/com/sun/xml/bind/jaxb-impl/2.3.2/jaxb-impl-2.3.2.jar:/home/fitec/.m2/repository/javax/activation/activation/1.1.1/activation-1.1.1.jar:/home/fitec/.m2/repository/mysql/mysql-connector-java/8.0.19/mysql-connector-java-8.0.19.jar:/home/fitec/.m2/repository/com/google/protobuf/protobuf-java/3.6.1/protobuf-java-3.6.1.jar:"/>
    <property name="java.vm.vendor" value="Oracle Corporation"/>
    <property name="sun.arch.data.model" value="64"/>
    <property name="java.vendor.url" value="http://java.oracle.com/"/>
    <property name="user.timezone" value=""/>
    <property name="java.vm.specification.version" value="1.8"/>
    <property name="os.name" value="Linux"/>
    <property name="user.country" value="FR"/>
    <property name="sun.java.launcher" value="SUN_STANDARD"/>
    <property name="sun.boot.library.path" value="/usr/lib/java/jdk1.8.0_241/jre/lib/amd64"/>
    <property name="sun.java.command" value="/home/fitec/spring-framework-petclinic/target/surefire/surefirebooter5504537262161809542.jar /home/fitec/spring-framework-petclinic/target/surefire 2020-04-07T17-29-45_987-jvmRun1 surefire3828133965614859343tmp surefire_04638982010792588329tmp"/>
    <property name="surefire.test.class.path" value="/home/fitec/spring-framework-petclinic/target/test-classes:/home/fitec/spring-framework-petclinic/target/classes:/home/fitec/.m2/repository/org/apache/tomcat/tomcat-servlet-api/9.0.31/tomcat-servlet-api-9.0.31.jar:/home/fitec/.m2/repository/org/apache/tomcat/tomcat-jasper-el/9.0.31/tomcat-jasper-el-9.0.31.jar:/home/fitec/.m2/repository/org/apache/tomcat/tomcat-el-api/9.0.31/tomcat-el-api-9.0.31.jar:/home/fitec/.m2/repository/org/apache/taglibs/taglibs-standard-jstlel/1.2.5/taglibs-standard-jstlel-1.2.5.jar:/home/fitec/.m2/repository/org/apache/taglibs/taglibs-standard-spec/1.2.5/taglibs-standard-spec-1.2.5.jar:/home/fitec/.m2/repository/org/apache/taglibs/taglibs-standard-impl/1.2.5/taglibs-standard-impl-1.2.5.jar:/home/fitec/.m2/repository/com/fasterxml/jackson/core/jackson-core/2.10.1/jackson-core-2.10.1.jar:/home/fitec/.m2/repository/com/fasterxml/jackson/core/jackson-databind/2.10.1/jackson-databind-2.10.1.jar:/home/fitec/.m2/repository/com/fasterxml/jackson/core/jackson-annotations/2.10.1/jackson-annotations-2.10.1.jar:/home/fitec/.m2/repository/com/jayway/jsonpath/json-path/2.4.0/json-path-2.4.0.jar:/home/fitec/.m2/repository/net/minidev/json-smart/2.3/json-smart-2.3.jar:/home/fitec/.m2/repository/net/minidev/accessors-smart/1.2/accessors-smart-1.2.jar:/home/fitec/.m2/repository/org/ow2/asm/asm/5.0.4/asm-5.0.4.jar:/home/fitec/.m2/repository/org/springframework/data/spring-data-jpa/2.2.0.RELEASE/spring-data-jpa-2.2.0.RELEASE.jar:/home/fitec/.m2/repository/org/springframework/data/spring-data-commons/2.2.0.RELEASE/spring-data-commons-2.2.0.RELEASE.jar:/home/fitec/.m2/repository/org/springframework/spring-orm/5.2.0.RELEASE/spring-orm-5.2.0.RELEASE.jar:/home/fitec/.m2/repository/org/springframework/spring-context/5.2.0.RELEASE/spring-context-5.2.0.RELEASE.jar:/home/fitec/.m2/repository/org/springframework/spring-aop/5.2.0.RELEASE/spring-aop-5.2.0.RELEASE.jar:/home/fitec/.m2/repository/org/springframework/spring-tx/5.2.0.RELEASE/spring-tx-5.2.0.RELEASE.jar:/home/fitec/.m2/repository/org/springframework/spring-beans/5.2.0.RELEASE/spring-beans-5.2.0.RELEASE.jar:/home/fitec/.m2/repository/org/springframework/spring-core/5.2.0.RELEASE/spring-core-5.2.0.RELEASE.jar:/home/fitec/.m2/repository/org/springframework/spring-jcl/5.2.0.RELEASE/spring-jcl-5.2.0.RELEASE.jar:/home/fitec/.m2/repository/org/springframework/spring-jdbc/5.2.4.RELEASE/spring-jdbc-5.2.4.RELEASE.jar:/home/fitec/.m2/repository/org/springframework/spring-webmvc/5.2.4.RELEASE/spring-webmvc-5.2.4.RELEASE.jar:/home/fitec/.m2/repository/org/springframework/spring-expression/5.2.4.RELEASE/spring-expression-5.2.4.RELEASE.jar:/home/fitec/.m2/repository/org/springframework/spring-web/5.2.4.RELEASE/spring-web-5.2.4.RELEASE.jar:/home/fitec/.m2/repository/org/springframework/spring-context-support/5.2.4.RELEASE/spring-context-support-5.2.4.RELEASE.jar:/home/fitec/.m2/repository/org/springframework/spring-oxm/5.2.4.RELEASE/spring-oxm-5.2.4.RELEASE.jar:/home/fitec/.m2/repository/org/aspectj/aspectjrt/1.9.5/aspectjrt-1.9.5.jar:/home/fitec/.m2/repository/org/aspectj/aspectjweaver/1.9.5/aspectjweaver-1.9.5.jar:/home/fitec/.m2/repository/org/apache/tomcat/tomcat-jdbc/9.0.31/tomcat-jdbc-9.0.31.jar:/home/fitec/.m2/repository/org/apache/tomcat/tomcat-juli/9.0.31/tomcat-juli-9.0.31.jar:/home/fitec/.m2/repository/org/slf4j/slf4j-api/1.7.30/slf4j-api-1.7.30.jar:/home/fitec/.m2/repository/ch/qos/logback/logback-classic/1.2.3/logback-classic-1.2.3.jar:/home/fitec/.m2/repository/ch/qos/logback/logback-core/1.2.3/logback-core-1.2.3.jar:/home/fitec/.m2/repository/org/hibernate/hibernate-entitymanager/5.4.11.Final/hibernate-entitymanager-5.4.11.Final.jar:/home/fitec/.m2/repository/org/jboss/logging/jboss-logging/3.3.2.Final/jboss-logging-3.3.2.Final.jar:/home/fitec/.m2/repository/org/hibernate/hibernate-core/5.4.11.Final/hibernate-core-5.4.11.Final.jar:/home/fitec/.m2/repository/org/javassist/javassist/3.24.0-GA/javassist-3.24.0-GA.jar:/home/fitec/.m2/repository/antlr/antlr/2.7.7/antlr-2.7.7.jar:/home/fitec/.m2/repository/org/jboss/jandex/2.1.1.Final/jandex-2.1.1.Final.jar:/home/fitec/.m2/repository/org/glassfish/jaxb/jaxb-runtime/2.3.1/jaxb-runtime-2.3.1.jar:/home/fitec/.m2/repository/org/glassfish/jaxb/txw2/2.3.1/txw2-2.3.1.jar:/home/fitec/.m2/repository/com/sun/istack/istack-commons-runtime/3.0.7/istack-commons-runtime-3.0.7.jar:/home/fitec/.m2/repository/org/jvnet/staxex/stax-ex/1.8/stax-ex-1.8.jar:/home/fitec/.m2/repository/com/sun/xml/fastinfoset/FastInfoset/1.2.15/FastInfoset-1.2.15.jar:/home/fitec/.m2/repository/org/dom4j/dom4j/2.1.1/dom4j-2.1.1.jar:/home/fitec/.m2/repository/org/hibernate/common/hibernate-commons-annotations/5.1.0.Final/hibernate-commons-annotations-5.1.0.Final.jar:/home/fitec/.m2/repository/javax/persistence/javax.persistence-api/2.2/javax.persistence-api-2.2.jar:/home/fitec/.m2/repository/net/bytebuddy/byte-buddy/1.10.7/byte-buddy-1.10.7.jar:/home/fitec/.m2/repository/org/jboss/spec/javax/transaction/jboss-transaction-api_1.2_spec/1.1.1.Final/jboss-transaction-api_1.2_spec-1.1.1.Final.jar:/home/fitec/.m2/repository/org/hibernate/validator/hibernate-validator/6.1.2.Final/hibernate-validator-6.1.2.Final.jar:/home/fitec/.m2/repository/jakarta/validation/jakarta.validation-api/2.0.2/jakarta.validation-api-2.0.2.jar:/home/fitec/.m2/repository/com/fasterxml/classmate/1.3.4/classmate-1.3.4.jar:/home/fitec/.m2/repository/org/hibernate/hibernate-ehcache/5.4.11.Final/hibernate-ehcache-5.4.11.Final.jar:/home/fitec/.m2/repository/net/sf/ehcache/ehcache/2.10.6/ehcache-2.10.6.jar:/home/fitec/.m2/repository/org/webjars/jquery/2.2.4/jquery-2.2.4.jar:/home/fitec/.m2/repository/org/webjars/jquery-ui/1.11.4/jquery-ui-1.11.4.jar:/home/fitec/.m2/repository/org/webjars/bootstrap/3.3.6/bootstrap-3.3.6.jar:/home/fitec/.m2/repository/org/springframework/spring-test/5.2.4.RELEASE/spring-test-5.2.4.RELEASE.jar:/home/fitec/.m2/repository/org/junit/jupiter/junit-jupiter-engine/5.6.0/junit-jupiter-engine-5.6.0.jar:/home/fitec/.m2/repository/org/apiguardian/apiguardian-api/1.1.0/apiguardian-api-1.1.0.jar:/home/fitec/.m2/repository/org/junit/platform/junit-platform-engine/1.6.0/junit-platform-engine-1.6.0.jar:/home/fitec/.m2/repository/org/opentest4j/opentest4j/1.2.0/opentest4j-1.2.0.jar:/home/fitec/.m2/repository/org/junit/platform/junit-platform-commons/1.6.0/junit-platform-commons-1.6.0.jar:/home/fitec/.m2/repository/org/junit/jupiter/junit-jupiter-api/5.6.0/junit-jupiter-api-5.6.0.jar:/home/fitec/.m2/repository/org/assertj/assertj-core/3.15.0/assertj-core-3.15.0.jar:/home/fitec/.m2/repository/org/mockito/mockito-core/3.1.0/mockito-core-3.1.0.jar:/home/fitec/.m2/repository/net/bytebuddy/byte-buddy-agent/1.9.10/byte-buddy-agent-1.9.10.jar:/home/fitec/.m2/repository/org/objenesis/objenesis/2.6/objenesis-2.6.jar:/home/fitec/.m2/repository/org/mockito/mockito-junit-jupiter/3.1.0/mockito-junit-jupiter-3.1.0.jar:/home/fitec/.m2/repository/org/hamcrest/hamcrest/2.1/hamcrest-2.1.jar:/home/fitec/.m2/repository/javax/xml/bind/jaxb-api/2.3.1/jaxb-api-2.3.1.jar:/home/fitec/.m2/repository/javax/activation/javax.activation-api/1.2.0/javax.activation-api-1.2.0.jar:/home/fitec/.m2/repository/com/sun/xml/bind/jaxb-core/2.3.0.1/jaxb-core-2.3.0.1.jar:/home/fitec/.m2/repository/com/sun/xml/bind/jaxb-impl/2.3.2/jaxb-impl-2.3.2.jar:/home/fitec/.m2/repository/javax/activation/activation/1.1.1/activation-1.1.1.jar:/home/fitec/.m2/repository/mysql/mysql-connector-java/8.0.19/mysql-connector-java-8.0.19.jar:/home/fitec/.m2/repository/com/google/protobuf/protobuf-java/3.6.1/protobuf-java-3.6.1.jar:"/>
    <property name="sun.cpu.endian" value="little"/>
    <property name="user.home" value="/home/fitec"/>
    <property name="user.language" value="fr"/>
    <property name="java.specification.vendor" value="Oracle Corporation"/>
    <property name="java.home" value="/usr/lib/java/jdk1.8.0_241/jre"/>
    <property name="basedir" value="/home/fitec/spring-framework-petclinic"/>
    <property name="file.separator" value="/"/>
    <property name="line.separator" value="&#10;"/>
    <property name="java.vm.specification.vendor" value="Oracle Corporation"/>
    <property name="java.specification.name" value="Java Platform API Specification"/>
    <property name="java.awt.graphicsenv" value="sun.awt.X11GraphicsEnvironment"/>
    <property name="surefire.real.class.path" value="/home/fitec/spring-framework-petclinic/target/surefire/surefirebooter5504537262161809542.jar:/home/fitec/.m2/repository/org/jacoco/org.jacoco.agent/0.8.2/org.jacoco.agent-0.8.2-runtime.jar"/>
    <property name="sun.boot.class.path" value="/usr/lib/java/jdk1.8.0_241/jre/lib/resources.jar:/usr/lib/java/jdk1.8.0_241/jre/lib/rt.jar:/usr/lib/java/jdk1.8.0_241/jre/lib/sunrsasign.jar:/usr/lib/java/jdk1.8.0_241/jre/lib/jsse.jar:/usr/lib/java/jdk1.8.0_241/jre/lib/jce.jar:/usr/lib/java/jdk1.8.0_241/jre/lib/charsets.jar:/usr/lib/java/jdk1.8.0_241/jre/lib/jfr.jar:/usr/lib/java/jdk1.8.0_241/jre/classes"/>
    <property name="sun.management.compiler" value="HotSpot 64-Bit Tiered Compilers"/>
    <property name="java.runtime.version" value="1.8.0_241-b07"/>
    <property name="user.name" value="fitec"/>
    <property name="path.separator" value=":"/>
    <property name="os.version" value="5.3.0-45-generic"/>
    <property name="java.endorsed.dirs" value="/usr/lib/java/jdk1.8.0_241/jre/lib/endorsed"/>
    <property name="java.runtime.name" value="Java(TM) SE Runtime Environment"/>
    <property name="file.encoding" value="UTF-8"/>
    <property name="java.vm.name" value="Java HotSpot(TM) 64-Bit Server VM"/>
    <property name="localRepository" value="/home/fitec/.m2/repository"/>
    <property name="java.vendor.url.bug" value="http://bugreport.sun.com/bugreport/"/>
    <property name="java.io.tmpdir" value="/tmp"/>
    <property name="java.version" value="1.8.0_241"/>
    <property name="user.dir" value="/home/fitec/spring-framework-petclinic"/>
    <property name="os.arch" value="amd64"/>
    <property name="java.vm.specification.name" value="Java Virtual Machine Specification"/>
    <property name="java.awt.printerjob" value="sun.print.PSPrinterJob"/>
    <property name="sun.os.patch.level" value="unknown"/>
    <property name="java.library.path" value="/usr/java/packages/lib/amd64:/usr/lib64:/lib64:/lib:/usr/lib"/>
    <property name="java.vm.info" value="mixed mode"/>
    <property name="java.vendor" value="Oracle Corporation"/>
    <property name="java.vm.version" value="25.241-b07"/>
    <property name="java.ext.dirs" value="/usr/lib/java/jdk1.8.0_241/jre/lib/ext:/usr/java/packages/lib/ext"/>
    <property name="sun.io.unicode.encoding" value="UnicodeLittle"/>
    <property name="java.class.version" value="52.0"/>
  </properties>
  <testcase name="shouldThrowParseException" classname="org.springframework.samples.petclinic.web.PetTypeFormatterTests" time="0.075"/>
  <testcase name="testPrint" classname="org.springframework.samples.petclinic.web.PetTypeFormatterTests" time="0.006"/>
  <testcase name="shouldParse" classname="org.springframework.samples.petclinic.web.PetTypeFormatterTests" time="0.003"/>
</testsuite>